{"D:\\git-hacktiv8\\IP-HCK73\\server\\app.js": {"path":"D:\\git-hacktiv8\\IP-HCK73\\server\\app.js","statementMap":{"0":{"start":{"line":1,"column":0},"end":{"line":3,"column":1}},"1":{"start":{"line":2,"column":4},"end":{"line":2,"column":30}},"2":{"start":{"line":5,"column":16},"end":{"line":5,"column":34}},"3":{"start":{"line":6,"column":13},"end":{"line":6,"column":28}},"4":{"start":{"line":7,"column":15},"end":{"line":7,"column":42}},"5":{"start":{"line":8,"column":21},"end":{"line":8,"column":57}},"6":{"start":{"line":9,"column":12},"end":{"line":9,"column":21}},"7":{"start":{"line":10,"column":13},"end":{"line":10,"column":17}},"8":{"start":{"line":14,"column":0},"end":{"line":14,"column":15}},"9":{"start":{"line":15,"column":0},"end":{"line":15,"column":47}},"10":{"start":{"line":16,"column":0},"end":{"line":16,"column":23}},"11":{"start":{"line":19,"column":0},"end":{"line":19,"column":20}},"12":{"start":{"line":20,"column":0},"end":{"line":20,"column":21}},"13":{"start":{"line":26,"column":0},"end":{"line":26,"column":20}}},"fnMap":{},"branchMap":{"0":{"loc":{"start":{"line":1,"column":0},"end":{"line":3,"column":1}},"type":"if","locations":[{"start":{"line":1,"column":0},"end":{"line":3,"column":1}},{"start":{},"end":{}}],"line":1}},"s":{"0":1,"1":1,"2":1,"3":1,"4":1,"5":1,"6":1,"7":1,"8":1,"9":1,"10":1,"11":1,"12":1,"13":1},"f":{},"b":{"0":[1,0]},"_coverageSchema":"1a1c01bbd47fc00a2c39e90264f33305004495a9","hash":"f9ff989d8c93f9ca2dbca2f57d51073ab9584d76"}
,"D:\\git-hacktiv8\\IP-HCK73\\server\\controllers\\PlanController.js": {"path":"D:\\git-hacktiv8\\IP-HCK73\\server\\controllers\\PlanController.js","statementMap":{"0":{"start":{"line":1,"column":15},"end":{"line":1,"column":43}},"1":{"start":{"line":2,"column":33},"end":{"line":2,"column":53}},"2":{"start":{"line":3,"column":0},"end":{"line":3,"column":27}},"3":{"start":{"line":4,"column":23},"end":{"line":4,"column":49}},"4":{"start":{"line":6,"column":11},"end":{"line":11,"column":2}},"5":{"start":{"line":15,"column":4},"end":{"line":33,"column":5}},"6":{"start":{"line":18,"column":17},"end":{"line":27,"column":8}},"7":{"start":{"line":30,"column":6},"end":{"line":30,"column":33}},"8":{"start":{"line":32,"column":6},"end":{"line":32,"column":30}},"9":{"start":{"line":36,"column":4},"end":{"line":46,"column":5}},"10":{"start":{"line":37,"column":21},"end":{"line":37,"column":31}},"11":{"start":{"line":38,"column":6},"end":{"line":38,"column":22}},"12":{"start":{"line":40,"column":6},"end":{"line":40,"column":44}},"13":{"start":{"line":41,"column":6},"end":{"line":41,"column":70}},"14":{"start":{"line":43,"column":6},"end":{"line":43,"column":25}},"15":{"start":{"line":45,"column":6},"end":{"line":45,"column":30}},"16":{"start":{"line":49,"column":4},"end":{"line":82,"column":5}},"17":{"start":{"line":50,"column":6},"end":{"line":50,"column":28}},"18":{"start":{"line":52,"column":6},"end":{"line":52,"column":61}},"19":{"start":{"line":53,"column":6},"end":{"line":57,"column":9}},"20":{"start":{"line":58,"column":26},"end":{"line":58,"column":50}},"21":{"start":{"line":59,"column":17},"end":{"line":59,"column":49}},"22":{"start":{"line":60,"column":6},"end":{"line":60,"column":24}},"23":{"start":{"line":62,"column":27},"end":{"line":68,"column":7}},"24":{"start":{"line":70,"column":21},"end":{"line":75,"column":8}},"25":{"start":{"line":73,"column":8},"end":{"line":73,"column":32}},"26":{"start":{"line":74,"column":8},"end":{"line":74,"column":18}},"27":{"start":{"line":76,"column":6},"end":{"line":76,"column":28}},"28":{"start":{"line":78,"column":6},"end":{"line":78,"column":38}},"29":{"start":{"line":79,"column":6},"end":{"line":79,"column":65}},"30":{"start":{"line":81,"column":6},"end":{"line":81,"column":30}},"31":{"start":{"line":85,"column":4},"end":{"line":129,"column":5}},"32":{"start":{"line":86,"column":6},"end":{"line":86,"column":27}},"33":{"start":{"line":88,"column":24},"end":{"line":109,"column":7}},"34":{"start":{"line":111,"column":26},"end":{"line":111,"column":65}},"35":{"start":{"line":120,"column":29},"end":{"line":120,"column":46}},"36":{"start":{"line":121,"column":6},"end":{"line":121,"column":36}},"37":{"start":{"line":124,"column":6},"end":{"line":124,"column":44}},"38":{"start":{"line":126,"column":6},"end":{"line":126,"column":25}},"39":{"start":{"line":128,"column":6},"end":{"line":128,"column":30}},"40":{"start":{"line":133,"column":0},"end":{"line":133,"column":32}}},"fnMap":{"0":{"name":"(anonymous_0)","decl":{"start":{"line":14,"column":2},"end":{"line":14,"column":3}},"loc":{"start":{"line":14,"column":36},"end":{"line":34,"column":3}},"line":14},"1":{"name":"(anonymous_1)","decl":{"start":{"line":35,"column":2},"end":{"line":35,"column":3}},"loc":{"start":{"line":35,"column":36},"end":{"line":47,"column":3}},"line":35},"2":{"name":"(anonymous_2)","decl":{"start":{"line":48,"column":2},"end":{"line":48,"column":3}},"loc":{"start":{"line":48,"column":36},"end":{"line":83,"column":3}},"line":48},"3":{"name":"(anonymous_3)","decl":{"start":{"line":72,"column":20},"end":{"line":72,"column":21}},"loc":{"start":{"line":72,"column":28},"end":{"line":75,"column":7}},"line":72},"4":{"name":"(anonymous_4)","decl":{"start":{"line":84,"column":2},"end":{"line":84,"column":3}},"loc":{"start":{"line":84,"column":35},"end":{"line":130,"column":3}},"line":84}},"branchMap":{},"s":{"0":1,"1":1,"2":1,"3":1,"4":1,"5":0,"6":0,"7":0,"8":0,"9":0,"10":0,"11":0,"12":0,"13":0,"14":0,"15":0,"16":0,"17":0,"18":0,"19":0,"20":0,"21":0,"22":0,"23":0,"24":0,"25":0,"26":0,"27":0,"28":0,"29":0,"30":0,"31":0,"32":0,"33":0,"34":0,"35":0,"36":0,"37":0,"38":0,"39":0,"40":1},"f":{"0":0,"1":0,"2":0,"3":0,"4":0},"b":{},"_coverageSchema":"1a1c01bbd47fc00a2c39e90264f33305004495a9","hash":"3b82c4e754e7a195c9d0b88878e9f88888557671"}
,"D:\\git-hacktiv8\\IP-HCK73\\server\\controllers\\UserController.js": {"path":"D:\\git-hacktiv8\\IP-HCK73\\server\\controllers\\UserController.js","statementMap":{"0":{"start":{"line":1,"column":33},"end":{"line":1,"column":53}},"1":{"start":{"line":2,"column":42},"end":{"line":2,"column":70}},"2":{"start":{"line":3,"column":22},"end":{"line":3,"column":47}},"3":{"start":{"line":4,"column":15},"end":{"line":4,"column":43}},"4":{"start":{"line":5,"column":0},"end":{"line":5,"column":27}},"5":{"start":{"line":6,"column":25},"end":{"line":6,"column":55}},"6":{"start":{"line":7,"column":15},"end":{"line":7,"column":33}},"7":{"start":{"line":11,"column":4},"end":{"line":11,"column":37}},"8":{"start":{"line":15,"column":30},"end":{"line":15,"column":38}},"9":{"start":{"line":16,"column":4},"end":{"line":39,"column":5}},"10":{"start":{"line":17,"column":6},"end":{"line":17,"column":27}},"11":{"start":{"line":19,"column":6},"end":{"line":21,"column":7}},"12":{"start":{"line":20,"column":8},"end":{"line":20,"column":39}},"13":{"start":{"line":22,"column":19},"end":{"line":22,"column":59}},"14":{"start":{"line":23,"column":6},"end":{"line":28,"column":7}},"15":{"start":{"line":27,"column":8},"end":{"line":27,"column":49}},"16":{"start":{"line":29,"column":30},"end":{"line":29,"column":70}},"17":{"start":{"line":30,"column":6},"end":{"line":32,"column":7}},"18":{"start":{"line":31,"column":8},"end":{"line":31,"column":49}},"19":{"start":{"line":34,"column":27},"end":{"line":34,"column":53}},"20":{"start":{"line":36,"column":6},"end":{"line":36,"column":45}},"21":{"start":{"line":38,"column":6},"end":{"line":38,"column":18}},"22":{"start":{"line":43,"column":6},"end":{"line":43,"column":14}},"23":{"start":{"line":44,"column":4},"end":{"line":93,"column":5}},"24":{"start":{"line":45,"column":26},"end":{"line":52,"column":8}},"25":{"start":{"line":54,"column":26},"end":{"line":54,"column":50}},"26":{"start":{"line":56,"column":6},"end":{"line":56,"column":31}},"27":{"start":{"line":58,"column":27},"end":{"line":64,"column":7}},"28":{"start":{"line":65,"column":6},"end":{"line":65,"column":34}},"29":{"start":{"line":67,"column":21},"end":{"line":72,"column":8}},"30":{"start":{"line":70,"column":8},"end":{"line":70,"column":35}},"31":{"start":{"line":71,"column":8},"end":{"line":71,"column":18}},"32":{"start":{"line":74,"column":6},"end":{"line":74,"column":38}},"33":{"start":{"line":76,"column":6},"end":{"line":78,"column":9}},"34":{"start":{"line":92,"column":6},"end":{"line":92,"column":18}},"35":{"start":{"line":96,"column":34},"end":{"line":96,"column":42}},"36":{"start":{"line":98,"column":4},"end":{"line":151,"column":5}},"37":{"start":{"line":99,"column":21},"end":{"line":102,"column":8}},"38":{"start":{"line":104,"column":22},"end":{"line":104,"column":41}},"39":{"start":{"line":106,"column":30},"end":{"line":120,"column":8}},"40":{"start":{"line":122,"column":26},"end":{"line":122,"column":50}},"41":{"start":{"line":123,"column":22},"end":{"line":123,"column":72}},"42":{"start":{"line":124,"column":6},"end":{"line":124,"column":27}},"43":{"start":{"line":126,"column":6},"end":{"line":143,"column":7}},"44":{"start":{"line":127,"column":29},"end":{"line":133,"column":9}},"45":{"start":{"line":135,"column":23},"end":{"line":140,"column":10}},"46":{"start":{"line":138,"column":10},"end":{"line":138,"column":30}},"47":{"start":{"line":139,"column":10},"end":{"line":139,"column":20}},"48":{"start":{"line":142,"column":8},"end":{"line":142,"column":40}},"49":{"start":{"line":145,"column":27},"end":{"line":145,"column":53}},"50":{"start":{"line":147,"column":6},"end":{"line":147,"column":45}},"51":{"start":{"line":149,"column":6},"end":{"line":149,"column":58}},"52":{"start":{"line":150,"column":6},"end":{"line":150,"column":65}},"53":{"start":{"line":154,"column":4},"end":{"line":164,"column":5}},"54":{"start":{"line":155,"column":30},"end":{"line":155,"column":38}},"55":{"start":{"line":157,"column":23},"end":{"line":157,"column":59}},"56":{"start":{"line":158,"column":25},"end":{"line":158,"column":65}},"57":{"start":{"line":160,"column":6},"end":{"line":160,"column":41}},"58":{"start":{"line":163,"column":6},"end":{"line":163,"column":63}},"59":{"start":{"line":168,"column":0},"end":{"line":168,"column":32}}},"fnMap":{"0":{"name":"(anonymous_0)","decl":{"start":{"line":14,"column":2},"end":{"line":14,"column":3}},"loc":{"start":{"line":14,"column":37},"end":{"line":40,"column":3}},"line":14},"1":{"name":"(anonymous_1)","decl":{"start":{"line":41,"column":2},"end":{"line":41,"column":3}},"loc":{"start":{"line":41,"column":40},"end":{"line":94,"column":3}},"line":41},"2":{"name":"(anonymous_2)","decl":{"start":{"line":69,"column":20},"end":{"line":69,"column":21}},"loc":{"start":{"line":69,"column":28},"end":{"line":72,"column":7}},"line":69},"3":{"name":"(anonymous_3)","decl":{"start":{"line":95,"column":2},"end":{"line":95,"column":3}},"loc":{"start":{"line":95,"column":42},"end":{"line":152,"column":3}},"line":95},"4":{"name":"(anonymous_4)","decl":{"start":{"line":137,"column":22},"end":{"line":137,"column":23}},"loc":{"start":{"line":137,"column":30},"end":{"line":140,"column":9}},"line":137},"5":{"name":"(anonymous_5)","decl":{"start":{"line":153,"column":2},"end":{"line":153,"column":3}},"loc":{"start":{"line":153,"column":41},"end":{"line":165,"column":3}},"line":153}},"branchMap":{"0":{"loc":{"start":{"line":19,"column":6},"end":{"line":21,"column":7}},"type":"if","locations":[{"start":{"line":19,"column":6},"end":{"line":21,"column":7}},{"start":{},"end":{}}],"line":19},"1":{"loc":{"start":{"line":19,"column":10},"end":{"line":19,"column":29}},"type":"binary-expr","locations":[{"start":{"line":19,"column":10},"end":{"line":19,"column":16}},{"start":{"line":19,"column":20},"end":{"line":19,"column":29}}],"line":19},"2":{"loc":{"start":{"line":23,"column":6},"end":{"line":28,"column":7}},"type":"if","locations":[{"start":{"line":23,"column":6},"end":{"line":28,"column":7}},{"start":{},"end":{}}],"line":23},"3":{"loc":{"start":{"line":30,"column":6},"end":{"line":32,"column":7}},"type":"if","locations":[{"start":{"line":30,"column":6},"end":{"line":32,"column":7}},{"start":{},"end":{}}],"line":30},"4":{"loc":{"start":{"line":111,"column":18},"end":{"line":111,"column":43}},"type":"cond-expr","locations":[{"start":{"line":111,"column":25},"end":{"line":111,"column":36}},{"start":{"line":111,"column":39},"end":{"line":111,"column":43}}],"line":111},"5":{"loc":{"start":{"line":112,"column":18},"end":{"line":112,"column":43}},"type":"cond-expr","locations":[{"start":{"line":112,"column":25},"end":{"line":112,"column":36}},{"start":{"line":112,"column":39},"end":{"line":112,"column":43}}],"line":112},"6":{"loc":{"start":{"line":113,"column":18},"end":{"line":113,"column":43}},"type":"cond-expr","locations":[{"start":{"line":113,"column":25},"end":{"line":113,"column":36}},{"start":{"line":113,"column":39},"end":{"line":113,"column":43}}],"line":113},"7":{"loc":{"start":{"line":114,"column":29},"end":{"line":114,"column":65}},"type":"cond-expr","locations":[{"start":{"line":114,"column":36},"end":{"line":114,"column":58}},{"start":{"line":114,"column":61},"end":{"line":114,"column":65}}],"line":114},"8":{"loc":{"start":{"line":126,"column":6},"end":{"line":143,"column":7}},"type":"if","locations":[{"start":{"line":126,"column":6},"end":{"line":143,"column":7}},{"start":{},"end":{}}],"line":126}},"s":{"0":1,"1":1,"2":1,"3":1,"4":1,"5":1,"6":1,"7":1,"8":5,"9":5,"10":5,"11":5,"12":2,"13":3,"14":3,"15":2,"16":1,"17":1,"18":0,"19":1,"20":1,"21":4,"22":0,"23":0,"24":0,"25":0,"26":0,"27":0,"28":0,"29":0,"30":0,"31":0,"32":0,"33":0,"34":0,"35":0,"36":0,"37":0,"38":0,"39":0,"40":0,"41":0,"42":0,"43":0,"44":0,"45":0,"46":0,"47":0,"48":0,"49":0,"50":0,"51":0,"52":0,"53":0,"54":0,"55":0,"56":0,"57":0,"58":0,"59":1},"f":{"0":5,"1":0,"2":0,"3":0,"4":0,"5":0},"b":{"0":[2,3],"1":[5,4],"2":[2,1],"3":[0,1],"4":[0,0],"5":[0,0],"6":[0,0],"7":[0,0],"8":[0,0]},"_coverageSchema":"1a1c01bbd47fc00a2c39e90264f33305004495a9","hash":"b9bd36d04f15cacea420001c1887046951d8c7e1"}
,"D:\\git-hacktiv8\\IP-HCK73\\server\\helpers\\authService.js": {"path":"D:\\git-hacktiv8\\IP-HCK73\\server\\helpers\\authService.js","statementMap":{"0":{"start":{"line":1,"column":25},"end":{"line":1,"column":55}},"1":{"start":{"line":2,"column":17},"end":{"line":2,"column":37}},"2":{"start":{"line":4,"column":15},"end":{"line":4,"column":56}},"3":{"start":{"line":8,"column":17},"end":{"line":11,"column":4}},"4":{"start":{"line":12,"column":18},"end":{"line":12,"column":37}},"5":{"start":{"line":13,"column":2},"end":{"line":13,"column":17}},"6":{"start":{"line":17,"column":2},"end":{"line":17,"column":59}},"7":{"start":{"line":20,"column":0},"end":{"line":23,"column":2}}},"fnMap":{"0":{"name":"verifyGoogleToken","decl":{"start":{"line":6,"column":15},"end":{"line":6,"column":32}},"loc":{"start":{"line":6,"column":40},"end":{"line":14,"column":1}},"line":6},"1":{"name":"findUserByGoogleId","decl":{"start":{"line":16,"column":15},"end":{"line":16,"column":33}},"loc":{"start":{"line":16,"column":44},"end":{"line":18,"column":1}},"line":16}},"branchMap":{},"s":{"0":1,"1":1,"2":1,"3":0,"4":0,"5":0,"6":0,"7":1},"f":{"0":0,"1":0},"b":{},"_coverageSchema":"1a1c01bbd47fc00a2c39e90264f33305004495a9","hash":"f956640301dca32a4b188b6b58036f77a07d7434"}
,"D:\\git-hacktiv8\\IP-HCK73\\server\\helpers\\bcrypt.js": {"path":"D:\\git-hacktiv8\\IP-HCK73\\server\\helpers\\bcrypt.js","statementMap":{"0":{"start":{"line":1,"column":15},"end":{"line":1,"column":34}},"1":{"start":{"line":2,"column":21},"end":{"line":5,"column":1}},"2":{"start":{"line":3,"column":17},"end":{"line":3,"column":39}},"3":{"start":{"line":4,"column":4},"end":{"line":4,"column":41}},"4":{"start":{"line":7,"column":24},"end":{"line":9,"column":1}},"5":{"start":{"line":8,"column":4},"end":{"line":8,"column":54}},"6":{"start":{"line":11,"column":0},"end":{"line":13,"column":1}}},"fnMap":{"0":{"name":"(anonymous_0)","decl":{"start":{"line":2,"column":21},"end":{"line":2,"column":22}},"loc":{"start":{"line":2,"column":35},"end":{"line":5,"column":1}},"line":2},"1":{"name":"(anonymous_1)","decl":{"start":{"line":7,"column":24},"end":{"line":7,"column":25}},"loc":{"start":{"line":7,"column":53},"end":{"line":9,"column":1}},"line":7}},"branchMap":{},"s":{"0":1,"1":1,"2":1,"3":1,"4":1,"5":1,"6":1},"f":{"0":1,"1":1},"b":{},"_coverageSchema":"1a1c01bbd47fc00a2c39e90264f33305004495a9","hash":"79ff275eb4666a5ff450b02749dec4db91d2e66f"}
,"D:\\git-hacktiv8\\IP-HCK73\\server\\helpers\\jwt.js": {"path":"D:\\git-hacktiv8\\IP-HCK73\\server\\helpers\\jwt.js","statementMap":{"0":{"start":{"line":1,"column":12},"end":{"line":1,"column":35}},"1":{"start":{"line":4,"column":18},"end":{"line":4,"column":24}},"2":{"start":{"line":6,"column":18},"end":{"line":8,"column":1}},"3":{"start":{"line":7,"column":4},"end":{"line":7,"column":38}},"4":{"start":{"line":10,"column":20},"end":{"line":12,"column":1}},"5":{"start":{"line":11,"column":4},"end":{"line":11,"column":39}},"6":{"start":{"line":14,"column":0},"end":{"line":17,"column":1}}},"fnMap":{"0":{"name":"(anonymous_0)","decl":{"start":{"line":6,"column":18},"end":{"line":6,"column":19}},"loc":{"start":{"line":6,"column":30},"end":{"line":8,"column":1}},"line":6},"1":{"name":"(anonymous_1)","decl":{"start":{"line":10,"column":20},"end":{"line":10,"column":21}},"loc":{"start":{"line":10,"column":30},"end":{"line":12,"column":1}},"line":10}},"branchMap":{},"s":{"0":1,"1":1,"2":1,"3":1,"4":1,"5":0,"6":1},"f":{"0":1,"1":0},"b":{},"_coverageSchema":"1a1c01bbd47fc00a2c39e90264f33305004495a9","hash":"a89beeff7b29f9a09f2ccb3c05e8ed9046d75619"}
,"D:\\git-hacktiv8\\IP-HCK73\\server\\helpers\\openAI.js": {"path":"D:\\git-hacktiv8\\IP-HCK73\\server\\helpers\\openAI.js","statementMap":{"0":{"start":{"line":1,"column":19},"end":{"line":1,"column":36}},"1":{"start":{"line":2,"column":0},"end":{"line":2,"column":27}},"2":{"start":{"line":4,"column":0},"end":{"line":60,"column":2}},"3":{"start":{"line":5,"column":17},"end":{"line":7,"column":4}},"4":{"start":{"line":9,"column":21},"end":{"line":57,"column":4}},"5":{"start":{"line":58,"column":2},"end":{"line":58,"column":19}}},"fnMap":{"0":{"name":"openAI","decl":{"start":{"line":4,"column":32},"end":{"line":4,"column":38}},"loc":{"start":{"line":4,"column":96},"end":{"line":60,"column":1}},"line":4}},"branchMap":{},"s":{"0":1,"1":1,"2":1,"3":0,"4":0,"5":0},"f":{"0":0},"b":{},"_coverageSchema":"1a1c01bbd47fc00a2c39e90264f33305004495a9","hash":"98369e30d571dbaf77225c983855850fe199c5f5"}
,"D:\\git-hacktiv8\\IP-HCK73\\server\\middleware\\errorHandler.js": {"path":"D:\\git-hacktiv8\\IP-HCK73\\server\\middleware\\errorHandler.js","statementMap":{"0":{"start":{"line":6,"column":4},"end":{"line":37,"column":5}},"1":{"start":{"line":8,"column":12},"end":{"line":8,"column":26}},"2":{"start":{"line":9,"column":12},"end":{"line":9,"column":38}},"3":{"start":{"line":10,"column":12},"end":{"line":10,"column":18}},"4":{"start":{"line":12,"column":12},"end":{"line":12,"column":26}},"5":{"start":{"line":13,"column":12},"end":{"line":13,"column":76}},"6":{"start":{"line":14,"column":12},"end":{"line":14,"column":18}},"7":{"start":{"line":17,"column":12},"end":{"line":17,"column":26}},"8":{"start":{"line":18,"column":12},"end":{"line":18,"column":44}},"9":{"start":{"line":19,"column":12},"end":{"line":19,"column":18}},"10":{"start":{"line":21,"column":12},"end":{"line":21,"column":26}},"11":{"start":{"line":22,"column":12},"end":{"line":22,"column":56}},"12":{"start":{"line":23,"column":12},"end":{"line":23,"column":18}},"13":{"start":{"line":25,"column":12},"end":{"line":25,"column":26}},"14":{"start":{"line":26,"column":12},"end":{"line":26,"column":47}},"15":{"start":{"line":27,"column":12},"end":{"line":27,"column":18}},"16":{"start":{"line":30,"column":12},"end":{"line":30,"column":26}},"17":{"start":{"line":31,"column":12},"end":{"line":31,"column":43}},"18":{"start":{"line":32,"column":12},"end":{"line":32,"column":18}},"19":{"start":{"line":34,"column":12},"end":{"line":34,"column":26}},"20":{"start":{"line":35,"column":12},"end":{"line":35,"column":45}},"21":{"start":{"line":36,"column":12},"end":{"line":36,"column":18}},"22":{"start":{"line":39,"column":4},"end":{"line":39,"column":38}},"23":{"start":{"line":42,"column":0},"end":{"line":42,"column":29}}},"fnMap":{"0":{"name":"errorHandler","decl":{"start":{"line":1,"column":9},"end":{"line":1,"column":21}},"loc":{"start":{"line":1,"column":40},"end":{"line":40,"column":1}},"line":1}},"branchMap":{"0":{"loc":{"start":{"line":6,"column":4},"end":{"line":37,"column":5}},"type":"switch","locations":[{"start":{"line":7,"column":8},"end":{"line":10,"column":18}},{"start":{"line":11,"column":8},"end":{"line":14,"column":18}},{"start":{"line":15,"column":8},"end":{"line":15,"column":33}},{"start":{"line":16,"column":8},"end":{"line":19,"column":18}},{"start":{"line":20,"column":8},"end":{"line":23,"column":18}},{"start":{"line":24,"column":8},"end":{"line":27,"column":18}},{"start":{"line":28,"column":8},"end":{"line":28,"column":46}},{"start":{"line":29,"column":8},"end":{"line":32,"column":18}},{"start":{"line":33,"column":8},"end":{"line":36,"column":18}}],"line":6}},"s":{"0":4,"1":0,"2":0,"3":0,"4":2,"5":2,"6":2,"7":0,"8":0,"9":0,"10":0,"11":0,"12":0,"13":2,"14":2,"15":2,"16":0,"17":0,"18":0,"19":0,"20":0,"21":0,"22":4,"23":1},"f":{"0":4},"b":{"0":[0,2,0,0,0,2,0,0,0]},"_coverageSchema":"1a1c01bbd47fc00a2c39e90264f33305004495a9","hash":"031c11e9266b8c0267530685862f08d5bde60e55"}
,"D:\\git-hacktiv8\\IP-HCK73\\server\\middleware\\isAuthenticate.js": {"path":"D:\\git-hacktiv8\\IP-HCK73\\server\\middleware\\isAuthenticate.js","statementMap":{"0":{"start":{"line":1,"column":22},"end":{"line":1,"column":47}},"1":{"start":{"line":2,"column":15},"end":{"line":2,"column":35}},"2":{"start":{"line":5,"column":4},"end":{"line":25,"column":5}},"3":{"start":{"line":6,"column":26},"end":{"line":6,"column":51}},"4":{"start":{"line":7,"column":8},"end":{"line":9,"column":9}},"5":{"start":{"line":8,"column":12},"end":{"line":8,"column":40}},"6":{"start":{"line":10,"column":30},"end":{"line":10,"column":53}},"7":{"start":{"line":11,"column":8},"end":{"line":13,"column":9}},"8":{"start":{"line":12,"column":12},"end":{"line":12,"column":40}},"9":{"start":{"line":14,"column":22},"end":{"line":14,"column":40}},"10":{"start":{"line":15,"column":19},"end":{"line":15,"column":50}},"11":{"start":{"line":16,"column":8},"end":{"line":18,"column":9}},"12":{"start":{"line":17,"column":12},"end":{"line":17,"column":40}},"13":{"start":{"line":19,"column":8},"end":{"line":21,"column":9}},"14":{"start":{"line":22,"column":8},"end":{"line":22,"column":14}},"15":{"start":{"line":24,"column":8},"end":{"line":24,"column":19}},"16":{"start":{"line":27,"column":0},"end":{"line":27,"column":31}}},"fnMap":{"0":{"name":"isAuthenticate","decl":{"start":{"line":4,"column":15},"end":{"line":4,"column":29}},"loc":{"start":{"line":4,"column":44},"end":{"line":26,"column":1}},"line":4}},"branchMap":{"0":{"loc":{"start":{"line":7,"column":8},"end":{"line":9,"column":9}},"type":"if","locations":[{"start":{"line":7,"column":8},"end":{"line":9,"column":9}},{"start":{},"end":{}}],"line":7},"1":{"loc":{"start":{"line":11,"column":8},"end":{"line":13,"column":9}},"type":"if","locations":[{"start":{"line":11,"column":8},"end":{"line":13,"column":9}},{"start":{},"end":{}}],"line":11},"2":{"loc":{"start":{"line":16,"column":8},"end":{"line":18,"column":9}},"type":"if","locations":[{"start":{"line":16,"column":8},"end":{"line":18,"column":9}},{"start":{},"end":{}}],"line":16}},"s":{"0":1,"1":1,"2":0,"3":0,"4":0,"5":0,"6":0,"7":0,"8":0,"9":0,"10":0,"11":0,"12":0,"13":0,"14":0,"15":0,"16":1},"f":{"0":0},"b":{"0":[0,0],"1":[0,0],"2":[0,0]},"_coverageSchema":"1a1c01bbd47fc00a2c39e90264f33305004495a9","hash":"8604e5dac65ad781cc29ace546231c1d21041669"}
,"D:\\git-hacktiv8\\IP-HCK73\\server\\models\\exercise.js": {"path":"D:\\git-hacktiv8\\IP-HCK73\\server\\models\\exercise.js","statementMap":{"0":{"start":{"line":4,"column":4},"end":{"line":4,"column":24}},"1":{"start":{"line":5,"column":0},"end":{"line":25,"column":2}},"2":{"start":{"line":15,"column":6},"end":{"line":15,"column":35}},"3":{"start":{"line":18,"column":2},"end":{"line":23,"column":5}},"4":{"start":{"line":24,"column":2},"end":{"line":24,"column":18}}},"fnMap":{"0":{"name":"(anonymous_0)","decl":{"start":{"line":5,"column":17},"end":{"line":5,"column":18}},"loc":{"start":{"line":5,"column":43},"end":{"line":25,"column":1}},"line":5},"1":{"name":"(anonymous_1)","decl":{"start":{"line":12,"column":4},"end":{"line":12,"column":5}},"loc":{"start":{"line":12,"column":29},"end":{"line":16,"column":5}},"line":12}},"branchMap":{},"s":{"0":1,"1":1,"2":1,"3":1,"4":1},"f":{"0":1,"1":1},"b":{},"_coverageSchema":"1a1c01bbd47fc00a2c39e90264f33305004495a9","hash":"23fb551f613b3ce92c9c24d9a5ce95da6fef1236"}
,"D:\\git-hacktiv8\\IP-HCK73\\server\\models\\index.js": {"path":"D:\\git-hacktiv8\\IP-HCK73\\server\\models\\index.js","statementMap":{"0":{"start":{"line":3,"column":11},"end":{"line":3,"column":24}},"1":{"start":{"line":4,"column":13},"end":{"line":4,"column":28}},"2":{"start":{"line":5,"column":18},"end":{"line":5,"column":38}},"3":{"start":{"line":6,"column":16},"end":{"line":6,"column":34}},"4":{"start":{"line":7,"column":17},"end":{"line":7,"column":42}},"5":{"start":{"line":8,"column":12},"end":{"line":8,"column":49}},"6":{"start":{"line":9,"column":15},"end":{"line":9,"column":65}},"7":{"start":{"line":10,"column":11},"end":{"line":10,"column":13}},"8":{"start":{"line":13,"column":0},"end":{"line":17,"column":1}},"9":{"start":{"line":14,"column":2},"end":{"line":14,"column":74}},"10":{"start":{"line":16,"column":2},"end":{"line":16,"column":87}},"11":{"start":{"line":19,"column":0},"end":{"line":32,"column":5}},"12":{"start":{"line":22,"column":4},"end":{"line":27,"column":6}},"13":{"start":{"line":30,"column":18},"end":{"line":30,"column":85}},"14":{"start":{"line":31,"column":4},"end":{"line":31,"column":27}},"15":{"start":{"line":34,"column":0},"end":{"line":38,"column":3}},"16":{"start":{"line":35,"column":2},"end":{"line":37,"column":3}},"17":{"start":{"line":36,"column":4},"end":{"line":36,"column":32}},"18":{"start":{"line":40,"column":0},"end":{"line":40,"column":25}},"19":{"start":{"line":41,"column":0},"end":{"line":41,"column":25}},"20":{"start":{"line":43,"column":0},"end":{"line":43,"column":20}}},"fnMap":{"0":{"name":"(anonymous_0)","decl":{"start":{"line":21,"column":10},"end":{"line":21,"column":11}},"loc":{"start":{"line":21,"column":18},"end":{"line":28,"column":3}},"line":21},"1":{"name":"(anonymous_1)","decl":{"start":{"line":29,"column":11},"end":{"line":29,"column":12}},"loc":{"start":{"line":29,"column":19},"end":{"line":32,"column":3}},"line":29},"2":{"name":"(anonymous_2)","decl":{"start":{"line":34,"column":24},"end":{"line":34,"column":25}},"loc":{"start":{"line":34,"column":37},"end":{"line":38,"column":1}},"line":34}},"branchMap":{"0":{"loc":{"start":{"line":8,"column":12},"end":{"line":8,"column":49}},"type":"binary-expr","locations":[{"start":{"line":8,"column":12},"end":{"line":8,"column":32}},{"start":{"line":8,"column":36},"end":{"line":8,"column":49}}],"line":8},"1":{"loc":{"start":{"line":13,"column":0},"end":{"line":17,"column":1}},"type":"if","locations":[{"start":{"line":13,"column":0},"end":{"line":17,"column":1}},{"start":{"line":15,"column":7},"end":{"line":17,"column":1}}],"line":13},"2":{"loc":{"start":{"line":23,"column":6},"end":{"line":26,"column":37}},"type":"binary-expr","locations":[{"start":{"line":23,"column":6},"end":{"line":23,"column":29}},{"start":{"line":24,"column":6},"end":{"line":24,"column":23}},{"start":{"line":25,"column":6},"end":{"line":25,"column":30}},{"start":{"line":26,"column":6},"end":{"line":26,"column":37}}],"line":23},"3":{"loc":{"start":{"line":35,"column":2},"end":{"line":37,"column":3}},"type":"if","locations":[{"start":{"line":35,"column":2},"end":{"line":37,"column":3}},{"start":{},"end":{}}],"line":35}},"s":{"0":1,"1":1,"2":1,"3":1,"4":1,"5":1,"6":1,"7":1,"8":1,"9":0,"10":1,"11":1,"12":4,"13":3,"14":3,"15":1,"16":3,"17":3,"18":1,"19":1,"20":1},"f":{"0":4,"1":3,"2":3},"b":{"0":[1,0],"1":[0,1],"2":[4,4,3,3],"3":[3,0]},"_coverageSchema":"1a1c01bbd47fc00a2c39e90264f33305004495a9","hash":"7379381703071b97faf2c9a03abb9cde2ce3b694"}
,"D:\\git-hacktiv8\\IP-HCK73\\server\\models\\plan.js": {"path":"D:\\git-hacktiv8\\IP-HCK73\\server\\models\\plan.js","statementMap":{"0":{"start":{"line":4,"column":4},"end":{"line":4,"column":24}},"1":{"start":{"line":5,"column":0},"end":{"line":29,"column":2}},"2":{"start":{"line":14,"column":6},"end":{"line":14,"column":37}},"3":{"start":{"line":15,"column":6},"end":{"line":15,"column":33}},"4":{"start":{"line":18,"column":2},"end":{"line":27,"column":5}},"5":{"start":{"line":28,"column":2},"end":{"line":28,"column":14}}},"fnMap":{"0":{"name":"(anonymous_0)","decl":{"start":{"line":5,"column":17},"end":{"line":5,"column":18}},"loc":{"start":{"line":5,"column":43},"end":{"line":29,"column":1}},"line":5},"1":{"name":"(anonymous_1)","decl":{"start":{"line":12,"column":4},"end":{"line":12,"column":5}},"loc":{"start":{"line":12,"column":29},"end":{"line":16,"column":5}},"line":12}},"branchMap":{},"s":{"0":1,"1":1,"2":1,"3":1,"4":1,"5":1},"f":{"0":1,"1":1},"b":{},"_coverageSchema":"1a1c01bbd47fc00a2c39e90264f33305004495a9","hash":"4518bdf22d4a8ff906452ddab4a8d0238dab2fdb"}
,"D:\\git-hacktiv8\\IP-HCK73\\server\\models\\user.js": {"path":"D:\\git-hacktiv8\\IP-HCK73\\server\\models\\user.js","statementMap":{"0":{"start":{"line":4,"column":4},"end":{"line":4,"column":24}},"1":{"start":{"line":5,"column":25},"end":{"line":5,"column":53}},"2":{"start":{"line":6,"column":0},"end":{"line":42,"column":2}},"3":{"start":{"line":16,"column":6},"end":{"line":16,"column":31}},"4":{"start":{"line":19,"column":2},"end":{"line":40,"column":5}},"5":{"start":{"line":34,"column":8},"end":{"line":34,"column":51}},"6":{"start":{"line":35,"column":8},"end":{"line":37,"column":9}},"7":{"start":{"line":36,"column":10},"end":{"line":36,"column":33}},"8":{"start":{"line":41,"column":2},"end":{"line":41,"column":14}}},"fnMap":{"0":{"name":"(anonymous_0)","decl":{"start":{"line":6,"column":17},"end":{"line":6,"column":18}},"loc":{"start":{"line":6,"column":43},"end":{"line":42,"column":1}},"line":6},"1":{"name":"(anonymous_1)","decl":{"start":{"line":13,"column":4},"end":{"line":13,"column":5}},"loc":{"start":{"line":13,"column":29},"end":{"line":17,"column":5}},"line":13},"2":{"name":"(anonymous_2)","decl":{"start":{"line":33,"column":20},"end":{"line":33,"column":21}},"loc":{"start":{"line":33,"column":39},"end":{"line":38,"column":7}},"line":33}},"branchMap":{"0":{"loc":{"start":{"line":35,"column":8},"end":{"line":37,"column":9}},"type":"if","locations":[{"start":{"line":35,"column":8},"end":{"line":37,"column":9}},{"start":{},"end":{}}],"line":35}},"s":{"0":1,"1":1,"2":1,"3":1,"4":1,"5":1,"6":1,"7":1,"8":1},"f":{"0":1,"1":1,"2":1},"b":{"0":[1,0]},"_coverageSchema":"1a1c01bbd47fc00a2c39e90264f33305004495a9","hash":"b3f3c36bb5da4c07fb8a754f9ecd00eb4e260ea9"}
,"D:\\git-hacktiv8\\IP-HCK73\\server\\routers\\router.js": {"path":"D:\\git-hacktiv8\\IP-HCK73\\server\\routers\\router.js","statementMap":{"0":{"start":{"line":1,"column":16},"end":{"line":1,"column":34}},"1":{"start":{"line":2,"column":23},"end":{"line":2,"column":63}},"2":{"start":{"line":3,"column":23},"end":{"line":3,"column":63}},"3":{"start":{"line":4,"column":23},"end":{"line":4,"column":62}},"4":{"start":{"line":5,"column":15},"end":{"line":5,"column":31}},"5":{"start":{"line":7,"column":23},"end":{"line":7,"column":53}},"6":{"start":{"line":8,"column":21},"end":{"line":8,"column":58}},"7":{"start":{"line":9,"column":15},"end":{"line":9,"column":33}},"8":{"start":{"line":13,"column":0},"end":{"line":13,"column":55}},"9":{"start":{"line":14,"column":0},"end":{"line":14,"column":58}},"10":{"start":{"line":16,"column":0},"end":{"line":16,"column":50}},"11":{"start":{"line":17,"column":0},"end":{"line":17,"column":44}},"12":{"start":{"line":18,"column":0},"end":{"line":18,"column":64}},"13":{"start":{"line":19,"column":0},"end":{"line":19,"column":73}},"14":{"start":{"line":20,"column":0},"end":{"line":20,"column":71}},"15":{"start":{"line":21,"column":0},"end":{"line":21,"column":63}},"16":{"start":{"line":26,"column":0},"end":{"line":28,"column":3}},"17":{"start":{"line":27,"column":2},"end":{"line":27,"column":26}},"18":{"start":{"line":30,"column":0},"end":{"line":30,"column":24}}},"fnMap":{"0":{"name":"(anonymous_0)","decl":{"start":{"line":26,"column":21},"end":{"line":26,"column":22}},"loc":{"start":{"line":26,"column":35},"end":{"line":28,"column":1}},"line":26}},"branchMap":{},"s":{"0":1,"1":1,"2":1,"3":1,"4":1,"5":1,"6":1,"7":1,"8":1,"9":1,"10":1,"11":1,"12":1,"13":1,"14":1,"15":1,"16":1,"17":0,"18":1},"f":{"0":0},"b":{},"_coverageSchema":"1a1c01bbd47fc00a2c39e90264f33305004495a9","hash":"4fdbf76e541fd4ceffd0a55af8f56a3e473f838b"}
}
